09/11/22 22:28:21 v1.34.5 @ WEYUNG-DESKTOP, 
09/11/22 22:28:21 v1.34.5 @ WEYUNG-DESKTOP, ****************************
09/11/22 22:28:21 v1.34.5 @ WEYUNG-DESKTOP, Starting factorization of 31773892177072376707299591935437409166903091112873571017453386772872957368480230473396826191965072725222030569597265225571599861573935764632428788041446924814833793508941819351680555878441204265531490658890906542594782238159072631753270323122108874583200019162062838039897194292248558187926276193724689319287
09/11/22 22:28:21 v1.34.5 @ WEYUNG-DESKTOP, using pretesting plan: normal
09/11/22 22:28:21 v1.34.5 @ WEYUNG-DESKTOP, no tune info: using qs/gnfs crossover of 95 digits
09/11/22 22:28:21 v1.34.5 @ WEYUNG-DESKTOP, ****************************
09/11/22 22:28:21 v1.34.5 @ WEYUNG-DESKTOP, rho: x^2 + 3, starting 1000 iterations on C308
09/11/22 22:28:21 v1.34.5 @ WEYUNG-DESKTOP, rho: x^2 + 2, starting 1000 iterations on C308
09/11/22 22:28:21 v1.34.5 @ WEYUNG-DESKTOP, rho: x^2 + 1, starting 1000 iterations on C308
09/11/22 22:28:21 v1.34.5 @ WEYUNG-DESKTOP, pm1: starting B1 = 150K, B2 = gmp-ecm default on C308
09/11/22 22:28:21 v1.34.5 @ WEYUNG-DESKTOP, current ECM pretesting depth: 0.00
09/11/22 22:28:21 v1.34.5 @ WEYUNG-DESKTOP, scheduled 30 curves at B1=2000 toward target pretesting depth of 94.77
09/11/22 22:28:21 v1.34.5 @ WEYUNG-DESKTOP, Finished 30 curves using Lenstra ECM method on C308 input, B1=2K, B2=gmp-ecm default
09/11/22 22:28:21 v1.34.5 @ WEYUNG-DESKTOP, current ECM pretesting depth: 15.18
09/11/22 22:28:21 v1.34.5 @ WEYUNG-DESKTOP, scheduled 74 curves at B1=11000 toward target pretesting depth of 94.77
09/11/22 22:28:26 v1.34.5 @ WEYUNG-DESKTOP, Finished 74 curves using Lenstra ECM method on C308 input, B1=11K, B2=gmp-ecm default
09/11/22 22:28:26 v1.34.5 @ WEYUNG-DESKTOP, current ECM pretesting depth: 20.24
09/11/22 22:28:26 v1.34.5 @ WEYUNG-DESKTOP, scheduled 214 curves at B1=50000 toward target pretesting depth of 94.77
09/11/22 22:29:18 v1.34.5 @ WEYUNG-DESKTOP, Finished 214 curves using Lenstra ECM method on C308 input, B1=50K, B2=gmp-ecm default
09/11/22 22:29:18 v1.34.5 @ WEYUNG-DESKTOP, pm1: starting B1 = 3750K, B2 = gmp-ecm default on C308
09/11/22 22:29:20 v1.34.5 @ WEYUNG-DESKTOP, current ECM pretesting depth: 25.33
09/11/22 22:29:20 v1.34.5 @ WEYUNG-DESKTOP, scheduled 430 curves at B1=250000 toward target pretesting depth of 94.77
09/11/22 22:37:18 v1.34.5 @ WEYUNG-DESKTOP, Finished 430 curves using Lenstra ECM method on C308 input, B1=250K, B2=gmp-ecm default
09/11/22 22:37:18 v1.34.5 @ WEYUNG-DESKTOP, pm1: starting B1 = 15M, B2 = gmp-ecm default on C308
09/11/22 22:37:25 v1.34.5 @ WEYUNG-DESKTOP, current ECM pretesting depth: 30.45
09/11/22 22:37:25 v1.34.5 @ WEYUNG-DESKTOP, scheduled 904 curves at B1=1000000 toward target pretesting depth of 94.77
09/12/22 00:07:29 v1.34.5 @ WEYUNG-DESKTOP, Finished 904 curves using Lenstra ECM method on C308 input, B1=1M, B2=gmp-ecm default
09/12/22 00:07:29 v1.34.5 @ WEYUNG-DESKTOP, current ECM pretesting depth: 35.56
09/12/22 00:07:29 v1.34.5 @ WEYUNG-DESKTOP, scheduled 2350 curves at B1=3000000 toward target pretesting depth of 94.77
09/15/22 12:52:34 v1.34.5 @ WEYUNG-DESKTOP, 
09/15/22 12:52:34 v1.34.5 @ WEYUNG-DESKTOP, ****************************
09/15/22 12:52:34 v1.34.5 @ WEYUNG-DESKTOP, Starting factorization of 6297203518453373381548792689756717804994855144069657925537066909086145361389510779319742213376443676964163560360595857883766237108244147281086046999346010340574774615945352346123540205567621400382386920894901104694516425648896927590700430740544169734382910081671229317752924872431047591721579815244003541817065076525458738561329976681215510817951929803558554464575347850312449496557973529505408688069977936527771757913887401610737508152501064107892794789679083915786747045353769083004406219388364076959570440651592148837721420118405881916093745127268783062444829432493510965152911233950429724509905557307558123895681
09/15/22 12:52:34 v1.34.5 @ WEYUNG-DESKTOP, using pretesting plan: normal
09/15/22 12:52:34 v1.34.5 @ WEYUNG-DESKTOP, no tune info: using qs/gnfs crossover of 95 digits
09/15/22 12:52:34 v1.34.5 @ WEYUNG-DESKTOP, ****************************
09/15/22 12:52:34 v1.34.5 @ WEYUNG-DESKTOP, rho: x^2 + 3, starting 1000 iterations on C616
09/15/22 12:52:34 v1.34.5 @ WEYUNG-DESKTOP, rho: x^2 + 2, starting 1000 iterations on C616
09/15/22 12:52:34 v1.34.5 @ WEYUNG-DESKTOP, rho: x^2 + 1, starting 1000 iterations on C616
09/15/22 12:52:34 v1.34.5 @ WEYUNG-DESKTOP, pm1: starting B1 = 150K, B2 = gmp-ecm default on C616
09/15/22 12:52:35 v1.34.5 @ WEYUNG-DESKTOP, current ECM pretesting depth: 0.00
09/15/22 12:52:35 v1.34.5 @ WEYUNG-DESKTOP, scheduled 30 curves at B1=2000 toward target pretesting depth of 189.54
09/15/22 12:52:36 v1.34.5 @ WEYUNG-DESKTOP, Finished 30 curves using Lenstra ECM method on C616 input, B1=2K, B2=gmp-ecm default
09/15/22 12:52:36 v1.34.5 @ WEYUNG-DESKTOP, current ECM pretesting depth: 15.18
09/15/22 12:52:36 v1.34.5 @ WEYUNG-DESKTOP, scheduled 74 curves at B1=11000 toward target pretesting depth of 189.54
09/15/22 12:52:49 v1.34.5 @ WEYUNG-DESKTOP, Finished 74 curves using Lenstra ECM method on C616 input, B1=11K, B2=gmp-ecm default
09/15/22 12:52:49 v1.34.5 @ WEYUNG-DESKTOP, current ECM pretesting depth: 20.24
09/15/22 12:52:49 v1.34.5 @ WEYUNG-DESKTOP, scheduled 214 curves at B1=50000 toward target pretesting depth of 189.54
